#Creating Tissue
Tissue tissueNew Tissue1

#Creating cell in tissue1 in location 0 0 0
Tissue Tissue1 helperCellNew 0 0 0
Tissue Tissue1 cytotoxicCellNew 0 5 0
Tissue Tissue1 helperCellNew 0 6 0

Cell Tissue1 0 0 0 cloneNew north
Cell Tissue1 0 1 0 cloneNew north
Cell Tissue1 0 2 0 cloneNew north
Cell Tissue1 0 3 0 cloneNew north

Cell Tissue1 0 6 0 cloneNew north
Cell Tissue1 0 7 0 cloneNew north
Cell Tissue1 0 8 0 cloneNew north

Tissue Tissue1 cloneCellsNew west
Tissue Tissue1 cloneCellsNew west
Tissue Tissue1 cloneCellsNew west
Tissue Tissue1 cloneCellsNew west
Tissue Tissue1 cloneCellsNew west
Tissue Tissue1 cloneCellsNew west
Tissue Tissue1 cloneCellsNew west
Tissue Tissue1 cloneCellsNew west
Tissue Tissue1 cloneCellsNew west


Tissue Tissue1 infectionStartLocationIs 0 0 0 east 100
Tissue Tissue1 infectedCellsDel